<?xml version="1.0" encoding="UTF-8"?>
<!-- Generated by org.testng.reporters.JUnitReportReporter -->
<testsuite hostname="DESKTOP-3DI3722" failures="0" tests="1" name="testCases.TC001_AccountRegistrationTest" time="2.827" errors="0" timestamp="2024-10-03T21:32:49 IST" skipped="0">
  <testcase classname="testCases.TC001_AccountRegistrationTest" name="account_Registration" time="2.827"/>
  <system-out/>
</testsuite> <!-- testCases.TC001_AccountRegistrationTest -->
