<?xml version="1.0" encoding="UTF-8"?>
<!-- Generated by org.testng.reporters.JUnitReportReporter -->
<testsuite hostname="DESKTOP-3DI3722" failures="0" tests="1" name="testCases.TC001_AccountRegistrationTest" time="3.265" errors="0" timestamp="2024-10-16T21:57:15 IST" skipped="0">
  <testcase classname="testCases.TC001_AccountRegistrationTest" name="account_Registration" time="3.265"/>
  <system-out/>
</testsuite> <!-- testCases.TC001_AccountRegistrationTest -->
