<?xml version="1.0" encoding="UTF-8"?>
<!-- Generated by org.testng.reporters.JUnitReportReporter -->
<testsuite hostname="DESKTOP-3DI3722" failures="0" tests="1" name="testCases.TC001_AccountRegistrationTest" time="2.327" errors="0" timestamp="2024-10-01T12:00:51 IST" skipped="0">
  <testcase classname="testCases.TC001_AccountRegistrationTest" name="account_Registration" time="2.327"/>
  <system-out/>
</testsuite> <!-- testCases.TC001_AccountRegistrationTest -->
