<?xml version="1.0" encoding="UTF-8"?>
<!-- Generated by org.testng.reporters.JUnitReportReporter -->
<testsuite hostname="DESKTOP-3DI3722" failures="0" tests="1" name="testCases.TC002_LoginTestCase" time="1.815" errors="0" timestamp="2024-10-03T21:32:49 IST" skipped="0">
  <testcase classname="testCases.TC002_LoginTestCase" name="login" time="1.815"/>
  <system-out/>
</testsuite> <!-- testCases.TC002_LoginTestCase -->
